2016-11-22 16:21:38 Error: [Cake\Database\Exception] SQLSTATE[42S02]: Base table or view not found: 1146 Table 'bookmarks.user' doesn't exist
Stack Trace:
#0 /var/www/html/bookmarker/vendor/cakephp/cakephp/src/Database/Schema/Collection.php(97): Cake\Database\Schema\Collection->_reflect('Column', 'user', Array, Object(Cake\Database\Schema\Table))
#1 /var/www/html/bookmarker/vendor/cakephp/cakephp/src/Database/Schema/CachedCollection.php(63): Cake\Database\Schema\Collection->describe('user', Array)
#2 /var/www/html/bookmarker/vendor/cakephp/cakephp/src/ORM/Table.php(440): Cake\Database\Schema\CachedCollection->describe('user')
#3 /var/www/html/bookmarker/vendor/cakephp/cakephp/src/ORM/Table.php(518): Cake\ORM\Table->schema()
#4 /var/www/html/bookmarker/vendor/cakephp/bake/src/Shell/Task/ModelTask.php(210): Cake\ORM\Table->primaryKey()
#5 /var/www/html/bookmarker/vendor/cakephp/bake/src/Shell/Task/ModelTask.php(127): Bake\Shell\Task\ModelTask->getAssociations(Object(Cake\ORM\Table))
#6 /var/www/html/bookmarker/vendor/cakephp/bake/src/Shell/Task/ModelTask.php(110): Bake\Shell\Task\ModelTask->getTableContext(Object(Cake\ORM\Table), 'user', 'User')
#7 /var/www/html/bookmarker/vendor/cakephp/bake/src/Shell/Task/ModelTask.php(97): Bake\Shell\Task\ModelTask->bake('User')
#8 /var/www/html/bookmarker/vendor/cakephp/bake/src/Shell/BakeShell.php(257): Bake\Shell\Task\ModelTask->main('User')
#9 /var/www/html/bookmarker/vendor/cakephp/cakephp/src/Collection/CollectionTrait.php(52): Bake\Shell\BakeShell->Bake\Shell\{closure}('User', 0)
#10 /var/www/html/bookmarker/vendor/cakephp/bake/src/Shell/BakeShell.php(260): Cake\Collection\Collection->each(Object(Closure))
#11 [internal function]: Bake\Shell\BakeShell->all('user')
#12 /var/www/html/bookmarker/vendor/cakephp/cakephp/src/Console/Shell.php(452): call_user_func_array(Array, Array)
#13 /var/www/html/bookmarker/vendor/cakephp/cakephp/src/Console/ShellDispatcher.php(227): Cake\Console\Shell->runCommand(Array, true, Array)
#14 /var/www/html/bookmarker/vendor/cakephp/cakephp/src/Console/ShellDispatcher.php(182): Cake\Console\ShellDispatcher->_dispatch(Array)
#15 /var/www/html/bookmarker/vendor/cakephp/cakephp/src/Console/ShellDispatcher.php(128): Cake\Console\ShellDispatcher->dispatch(Array)
#16 /var/www/html/bookmarker/bin/cake.php(34): Cake\Console\ShellDispatcher::run(Array)
#17 {main}


2016-11-22 16:46:11 Error: [Cake\Database\Exception] SQLSTATE[42S02]: Base table or view not found: 1146 Table 'bookmarks.bookmaker' doesn't exist
Stack Trace:
#0 /var/www/html/bookmarker/vendor/cakephp/cakephp/src/Database/Schema/Collection.php(97): Cake\Database\Schema\Collection->_reflect('Column', 'bookmaker', Array, Object(Cake\Database\Schema\Table))
#1 /var/www/html/bookmarker/vendor/cakephp/cakephp/src/Database/Schema/CachedCollection.php(63): Cake\Database\Schema\Collection->describe('bookmaker', Array)
#2 /var/www/html/bookmarker/vendor/cakephp/cakephp/src/ORM/Table.php(440): Cake\Database\Schema\CachedCollection->describe('bookmaker')
#3 /var/www/html/bookmarker/vendor/cakephp/cakephp/src/ORM/Table.php(518): Cake\ORM\Table->schema()
#4 /var/www/html/bookmarker/vendor/cakephp/bake/src/Shell/Task/TemplateTask.php(291): Cake\ORM\Table->primaryKey()
#5 /var/www/html/bookmarker/vendor/cakephp/bake/src/Shell/Task/TemplateTask.php(409): Bake\Shell\Task\TemplateTask->_loadController()
#6 /var/www/html/bookmarker/vendor/cakephp/bake/src/Shell/Task/TemplateTask.php(384): Bake\Shell\Task\TemplateTask->getContent('tags')
#7 /var/www/html/bookmarker/vendor/cakephp/bake/src/Shell/Task/TemplateTask.php(145): Bake\Shell\Task\TemplateTask->bake('tags', true)
#8 [internal function]: Bake\Shell\Task\TemplateTask->main('bookmaker', 'tags')
#9 /var/www/html/bookmarker/vendor/cakephp/cakephp/src/Console/Shell.php(466): call_user_func_array(Array, Array)
#10 /var/www/html/bookmarker/vendor/cakephp/cakephp/src/Console/Shell.php(459): Cake\Console\Shell->runCommand(Array, false, Array)
#11 /var/www/html/bookmarker/vendor/cakephp/cakephp/src/Console/ShellDispatcher.php(227): Cake\Console\Shell->runCommand(Array, true, Array)
#12 /var/www/html/bookmarker/vendor/cakephp/cakephp/src/Console/ShellDispatcher.php(182): Cake\Console\ShellDispatcher->_dispatch(Array)
#13 /var/www/html/bookmarker/vendor/cakephp/cakephp/src/Console/ShellDispatcher.php(128): Cake\Console\ShellDispatcher->dispatch(Array)
#14 /var/www/html/bookmarker/bin/cake.php(34): Cake\Console\ShellDispatcher::run(Array)
#15 {main}


