2016-11-22 16:49:52 Notice: Notice (8): Undefined variable: bookmarks_tags in [/var/www/html/bookmarker/src/Template/Bookmarks/tags.ctp, line 7]
Request URL: /bookmarks/tagged
Client IP: 127.0.0.1
Trace:
Cake\Error\BaseErrorHandler::handleError() - CORE/src/Error/BaseErrorHandler.php, line 146
include - APP/Template/Bookmarks/tags.ctp, line 7
Cake\View\View::_evaluate() - CORE/src/View/View.php, line 1014
Cake\View\View::_render() - CORE/src/View/View.php, line 973
Cake\View\View::render() - CORE/src/View/View.php, line 597
Cake\Controller\Controller::render() - CORE/src/Controller/Controller.php, line 617
Cake\Http\ActionDispatcher::_invoke() - CORE/src/Http/ActionDispatcher.php, line 128
Cake\Http\ActionDispatcher::dispatch() - CORE/src/Http/ActionDispatcher.php, line 96
Cake\Http\BaseApplication::__invoke() - CORE/src/Http/BaseApplication.php, line 83
Cake\Http\Runner::__invoke() - CORE/src/Http/Runner.php, line 65
Cake\Routing\Middleware\RoutingMiddleware::__invoke() - CORE/src/Routing/Middleware/RoutingMiddleware.php, line 62
Cake\Http\Runner::__invoke() - CORE/src/Http/Runner.php, line 65
Cake\Routing\Middleware\AssetMiddleware::__invoke() - CORE/src/Routing/Middleware/AssetMiddleware.php, line 88
Cake\Http\Runner::__invoke() - CORE/src/Http/Runner.php, line 65
Cake\Error\Middleware\ErrorHandlerMiddleware::__invoke() - CORE/src/Error/Middleware/ErrorHandlerMiddleware.php, line 81
Cake\Http\Runner::__invoke() - CORE/src/Http/Runner.php, line 65
Cake\Http\Runner::run() - CORE/src/Http/Runner.php, line 51
Cake\Http\Server::run() - CORE/src/Http/Server.php, line 92
[main] - ROOT/webroot/index.php, line 37



2016-11-22 16:55:08 Notice: Notice (8): Undefined variable: bookmarks_tags in [/var/www/html/bookmarker/src/Template/Bookmarks/tags.ctp, line 7]
Request URL: /bookmarks/tagged
Client IP: 127.0.0.1
Trace:
Cake\Error\BaseErrorHandler::handleError() - CORE/src/Error/BaseErrorHandler.php, line 146
include - APP/Template/Bookmarks/tags.ctp, line 7
Cake\View\View::_evaluate() - CORE/src/View/View.php, line 1014
Cake\View\View::_render() - CORE/src/View/View.php, line 973
Cake\View\View::render() - CORE/src/View/View.php, line 597
Cake\Controller\Controller::render() - CORE/src/Controller/Controller.php, line 617
Cake\Http\ActionDispatcher::_invoke() - CORE/src/Http/ActionDispatcher.php, line 128
Cake\Http\ActionDispatcher::dispatch() - CORE/src/Http/ActionDispatcher.php, line 96
Cake\Http\BaseApplication::__invoke() - CORE/src/Http/BaseApplication.php, line 83
Cake\Http\Runner::__invoke() - CORE/src/Http/Runner.php, line 65
Cake\Routing\Middleware\RoutingMiddleware::__invoke() - CORE/src/Routing/Middleware/RoutingMiddleware.php, line 62
Cake\Http\Runner::__invoke() - CORE/src/Http/Runner.php, line 65
Cake\Routing\Middleware\AssetMiddleware::__invoke() - CORE/src/Routing/Middleware/AssetMiddleware.php, line 88
Cake\Http\Runner::__invoke() - CORE/src/Http/Runner.php, line 65
Cake\Error\Middleware\ErrorHandlerMiddleware::__invoke() - CORE/src/Error/Middleware/ErrorHandlerMiddleware.php, line 81
Cake\Http\Runner::__invoke() - CORE/src/Http/Runner.php, line 65
Cake\Http\Runner::run() - CORE/src/Http/Runner.php, line 51
Cake\Http\Server::run() - CORE/src/Http/Server.php, line 92
[main] - ROOT/webroot/index.php, line 37



2016-11-22 16:56:04 Notice: Notice (8): Undefined variable: bookmarks_tags in [/var/www/html/bookmarker/src/Template/Bookmarks/tags.ctp, line 7]
Request URL: /bookmarks/tagged
Client IP: 127.0.0.1
Trace:
Cake\Error\BaseErrorHandler::handleError() - CORE/src/Error/BaseErrorHandler.php, line 146
include - APP/Template/Bookmarks/tags.ctp, line 7
Cake\View\View::_evaluate() - CORE/src/View/View.php, line 1014
Cake\View\View::_render() - CORE/src/View/View.php, line 973
Cake\View\View::render() - CORE/src/View/View.php, line 597
Cake\Controller\Controller::render() - CORE/src/Controller/Controller.php, line 617
Cake\Http\ActionDispatcher::_invoke() - CORE/src/Http/ActionDispatcher.php, line 128
Cake\Http\ActionDispatcher::dispatch() - CORE/src/Http/ActionDispatcher.php, line 96
Cake\Http\BaseApplication::__invoke() - CORE/src/Http/BaseApplication.php, line 83
Cake\Http\Runner::__invoke() - CORE/src/Http/Runner.php, line 65
Cake\Routing\Middleware\RoutingMiddleware::__invoke() - CORE/src/Routing/Middleware/RoutingMiddleware.php, line 62
Cake\Http\Runner::__invoke() - CORE/src/Http/Runner.php, line 65
Cake\Routing\Middleware\AssetMiddleware::__invoke() - CORE/src/Routing/Middleware/AssetMiddleware.php, line 88
Cake\Http\Runner::__invoke() - CORE/src/Http/Runner.php, line 65
Cake\Error\Middleware\ErrorHandlerMiddleware::__invoke() - CORE/src/Error/Middleware/ErrorHandlerMiddleware.php, line 81
Cake\Http\Runner::__invoke() - CORE/src/Http/Runner.php, line 65
Cake\Http\Runner::run() - CORE/src/Http/Runner.php, line 51
Cake\Http\Server::run() - CORE/src/Http/Server.php, line 92
[main] - ROOT/webroot/index.php, line 37



